<?xml version="1.0" encoding="UTF-8"?>
<testng-results ignored="0" total="1" passed="1" failed="0" skipped="0">
  <reporter-output>
  </reporter-output>
  <suite started-at="2024-09-24T17:21:43 WAT" name="Default suite" finished-at="2024-09-24T17:22:13 WAT" duration-ms="30631">
    <groups>
    </groups>
    <test started-at="2024-09-24T17:21:43 WAT" name="Default test" finished-at="2024-09-24T17:22:13 WAT" duration-ms="30631">
      <class name="highTechQA.DeleteItem">
        <test-method is-config="true" signature="lauchPage()[pri:0, instance:highTechQA.DeleteItem@5af3afd9]" started-at="2024-09-24T17:21:43 WAT" name="lauchPage" finished-at="2024-09-24T17:22:02 WAT" duration-ms="19628" status="PASS">
          <reporter-output>
          </reporter-output>
        </test-method> <!-- lauchPage -->
        <test-method signature="TC_5_DeleteItem()[pri:0, instance:highTechQA.DeleteItem@5af3afd9]" started-at="2024-09-24T17:22:02 WAT" name="TC_5_DeleteItem" finished-at="2024-09-24T17:22:13 WAT" duration-ms="10948" status="PASS">
          <reporter-output>
          </reporter-output>
        </test-method> <!-- TC_5_DeleteItem -->
      </class> <!-- highTechQA.DeleteItem -->
    </test> <!-- Default test -->
  </suite> <!-- Default suite -->
</testng-results>
